#
# There is insufficient memory for the Java Runtime Environment to continue.
# Native memory allocation (mmap) failed to map 266338304 bytes for G1 virtual space
# Possible reasons:
#   The system is out of physical RAM or swap space
#   The process is running with CompressedOops enabled, and the Java Heap may be blocking the growth of the native heap
# Possible solutions:
#   Reduce memory load on the system
#   Increase physical memory or swap space
#   Check if swap backing store is full
#   Decrease Java heap size (-Xmx/-Xms)
#   Decrease number of Java threads
#   Decrease Java thread stack sizes (-Xss)
#   Set larger code cache with -XX:ReservedCodeCacheSize=
#   JVM is running with Zero Based Compressed Oops mode in which the Java heap is
#     placed in the first 32GB address space. The Java Heap base address is the
#     maximum limit for the native heap growth. Please use -XX:HeapBaseMinAddress
#     to set the Java Heap base and to place the Java Heap above 32GB virtual address.
# This output file may be truncated or incomplete.
#
#  Out of Memory Error (os_windows.cpp:3550), pid=8544, tid=7268
#
# JRE version:  (17.0.6+9) (build )
# Java VM: Java HotSpot(TM) 64-Bit Server VM (17.0.6+9-LTS-190, mixed mode, sharing, tiered, compressed oops, compressed class ptrs, g1 gc, windows-amd64)
# No core dump will be written. Minidumps are not enabled by default on client versions of Windows
#

---------------  S U M M A R Y ------------

Command Line: -Dfile.encoding=windows-1251 -Duser.country=US -Duser.language=en -Duser.variant com.mjc.school.Main

Host: Intel(R) Core(TM) i5-6300HQ CPU @ 2.30GHz, 4 cores, 15G,  Windows 10 , 64 bit Build 19041 (10.0.19041.3393)
Time: Thu Jan 18 01:52:27 2024 Belarus Standard Time elapsed time: 0.106292 seconds (0d 0h 0m 0s)

---------------  T H R E A D  ---------------

Current thread (0x0000029278dbc3c0):  JavaThread "Unknown thread" [_thread_in_vm, id=7268, stack(0x000000f92d600000,0x000000f92d700000)]

Stack: [0x000000f92d600000,0x000000f92d700000]
Native frames: (J=compiled Java code, j=interpreted, Vv=VM code, C=native code)
V  [jvm.dll+0x6734ea]
V  [jvm.dll+0x7d18f4]
V  [jvm.dll+0x7d309e]
V  [jvm.dll+0x7d3703]
V  [jvm.dll+0x2433c5]
V  [jvm.dll+0x6703f9]
V  [jvm.dll+0x664d32]
V  [jvm.dll+0x300086]
V  [jvm.dll+0x307606]
V  [jvm.dll+0x356c1e]
V  [jvm.dll+0x356e4f]
V  [jvm.dll+0x2d72e8]
V  [jvm.dll+0x2d8254]
V  [jvm.dll+0x7a33b1]
V  [jvm.dll+0x3647f1]
V  [jvm.dll+0x782839]
V  [jvm.dll+0x3e757f]
V  [jvm.dll+0x3e9001]
C  [jli.dll+0x5297]
C  [ucrtbase.dll+0x21bb2]
C  [KERNEL32.DLL+0x17344]
C  [ntdll.dll+0x526b1]


---------------  P R O C E S S  ---------------

Threads class SMR info:
_java_thread_list=0x00007ffac710e958, length=0, elements={
}

Java Threads: ( => current thread )

Other Threads:
  0x000002927af6aa00 GCTaskThread "GC Thread#0" [stack: 0x000000f92d700000,0x000000f92d800000] [id=12448]
  0x000002927af7b690 ConcurrentGCThread "G1 Main Marker" [stack: 0x000000f92d800000,0x000000f92d900000] [id=24548]
  0x000002927af7c0a0 ConcurrentGCThread "G1 Conc#0" [stack: 0x000000f92d900000,0x000000f92da00000] [id=25068]

[error occurred during error reporting (printing all threads), id 0xc0000005, EXCEPTION_ACCESS_VIOLATION (0xc0000005) at pc=0x00007ffac6947f07]

VM state: not at safepoint (not fully initialized)

VM Mutex/Monitor currently owned by a thread:  ([mutex/lock_event])
[0x000002927aefed50] Heap_lock - owner thread: 0x0000029278dbc3c0

Heap address: 0x0000000702a00000, size: 4054 MB, Compressed Oops mode: Zero based, Oop shift amount: 3

CDS archive(s) mapped at: [0x0000000000000000-0x0000000000000000-0x0000000000000000), size 0, SharedBaseAddress: 0x0000000800000000, ArchiveRelocationMode: 0.
Narrow klass base: 0x0000000000000000, Narrow klass shift: 0, Narrow klass range: 0x0

GC Precious Log:
<Empty>

Heap:
 garbage-first heap   total 0K, used 0K [0x0000000702a00000, 0x0000000800000000)
  region size 2048K, 0 young (0K), 0 survivors (0K)

[error occurred during error reporting (printing heap information), id 0xc0000005, EXCEPTION_ACCESS_VIOLATION (0xc0000005) at pc=0x00007ffac6d2c759]

GC Heap History (0 events):
No events

Deoptimization events (0 events):
No events

Classes unloaded (0 events):
No events

Classes redefined (0 events):
No events

Internal exceptions (0 events):
No events

VM Operations (0 events):
No events

Events (1 events):
Event: 0.007 Loaded shared library C:\Program Files\Java\jdk-17\bin\java.dll


Dynamic libraries:
0x00007ff787550000 - 0x00007ff787560000 	C:\Program Files\Java\jdk-17\bin\java.exe
0x00007ffb35610000 - 0x00007ffb35808000 	C:\WINDOWS\SYSTEM32\ntdll.dll
0x00007ffb34d20000 - 0x00007ffb34ddd000 	C:\WINDOWS\System32\KERNEL32.DLL
0x00007ffb330e0000 - 0x00007ffb333d6000 	C:\WINDOWS\System32\KERNELBASE.dll
0x00007ffb333e0000 - 0x00007ffb334e0000 	C:\WINDOWS\System32\ucrtbase.dll
0x00007ffb01f30000 - 0x00007ffb01f48000 	C:\Program Files\Java\jdk-17\bin\jli.dll
0x00007ffb11af0000 - 0x00007ffb11b0b000 	C:\Program Files\Java\jdk-17\bin\VCRUNTIME140.dll
0x00007ffb33a10000 - 0x00007ffb33abe000 	C:\WINDOWS\System32\ADVAPI32.dll
0x00007ffb35020000 - 0x00007ffb350be000 	C:\WINDOWS\System32\msvcrt.dll
0x00007ffb34eb0000 - 0x00007ffb34f4c000 	C:\WINDOWS\System32\sechost.dll
0x00007ffb34b10000 - 0x00007ffb34c36000 	C:\WINDOWS\System32\RPCRT4.dll
0x00007ffb1e980000 - 0x00007ffb1ec1a000 	C:\WINDOWS\WinSxS\amd64_microsoft.windows.common-controls_6595b64144ccf1df_6.0.19041.1110_none_60b5254171f9507e\COMCTL32.dll
0x00007ffb34de0000 - 0x00007ffb34e0c000 	C:\WINDOWS\System32\GDI32.dll
0x00007ffb32e40000 - 0x00007ffb32e62000 	C:\WINDOWS\System32\win32u.dll
0x00007ffb32d20000 - 0x00007ffb32e3a000 	C:\WINDOWS\System32\gdi32full.dll
0x00007ffb32ee0000 - 0x00007ffb32f7d000 	C:\WINDOWS\System32\msvcp_win.dll
0x00007ffb336d0000 - 0x00007ffb3386e000 	C:\WINDOWS\System32\USER32.dll
0x00007ffb2a140000 - 0x00007ffb2a14a000 	C:\WINDOWS\SYSTEM32\VERSION.dll
0x00007ffb34cf0000 - 0x00007ffb34d20000 	C:\WINDOWS\System32\IMM32.DLL
0x00007ffb13a70000 - 0x00007ffb13a7c000 	C:\Program Files\Java\jdk-17\bin\vcruntime140_1.dll
0x00007ffacf150000 - 0x00007ffacf1de000 	C:\Program Files\Java\jdk-17\bin\msvcp140.dll
0x00007ffac6660000 - 0x00007ffac7237000 	C:\Program Files\Java\jdk-17\bin\server\jvm.dll
0x00007ffb340e0000 - 0x00007ffb340e8000 	C:\WINDOWS\System32\PSAPI.DLL
0x00007ffb1f7c0000 - 0x00007ffb1f7c9000 	C:\WINDOWS\SYSTEM32\WSOCK32.dll
0x00007ffb20ce0000 - 0x00007ffb20d07000 	C:\WINDOWS\SYSTEM32\WINMM.dll
0x00007ffb339a0000 - 0x00007ffb33a0b000 	C:\WINDOWS\System32\WS2_32.dll
0x00007ffb31510000 - 0x00007ffb31522000 	C:\WINDOWS\SYSTEM32\kernel.appcore.dll
0x00007ffb12750000 - 0x00007ffb1275a000 	C:\Program Files\Java\jdk-17\bin\jimage.dll
0x00007ffb30b50000 - 0x00007ffb30d34000 	C:\WINDOWS\SYSTEM32\DBGHELP.DLL
0x00007ffb2d310000 - 0x00007ffb2d344000 	C:\WINDOWS\SYSTEM32\dbgcore.DLL
0x00007ffb33530000 - 0x00007ffb335b2000 	C:\WINDOWS\System32\bcryptPrimitives.dll
0x00007ffae19f0000 - 0x00007ffae1a15000 	C:\Program Files\Java\jdk-17\bin\java.dll

dbghelp: loaded successfully - version: 4.0.5 - missing functions: none
symbol engine: initialized successfully - sym options: 0x614 - pdb path: .;C:\Program Files\Java\jdk-17\bin;C:\WINDOWS\SYSTEM32;C:\WINDOWS\WinSxS\amd64_microsoft.windows.common-controls_6595b64144ccf1df_6.0.19041.1110_none_60b5254171f9507e;C:\Program Files\Java\jdk-17\bin\server

VM Arguments:
jvm_args: -Dfile.encoding=windows-1251 -Duser.country=US -Duser.language=en -Duser.variant 
java_command: com.mjc.school.Main
java_class_path (initial): E:\workspace\mjc-school\[MJC School] Stage 3\stage3-module3-task\module-main\build\classes\java\main;E:\workspace\mjc-school\[MJC School] Stage 3\stage3-module3-task\module-main\build\resources\main;E:\workspace\mjc-school\[MJC School] Stage 3\stage3-module3-task\module-web\build\libs\module-web.jar;E:\workspace\mjc-school\[MJC School] Stage 3\stage3-module3-task\module-service\build\libs\module-service.jar;E:\workspace\mjc-school\[MJC School] Stage 3\stage3-module3-task\module-repository\build\libs\module-repository.jar;C:\Users\Alexander\.gradle\caches\modules-2\files-2.1\org.springframework.boot\spring-boot-starter-data-jpa\2.7.7\bc28a10c4fc39f01e9233db84f132eb4b8c53390\spring-boot-starter-data-jpa-2.7.7.jar;C:\Users\Alexander\.gradle\caches\modules-2\files-2.1\org.springframework.data\spring-data-jpa\2.7.6\8d0414f5cca5e31509943cd5f97cacdddd7c7384\spring-data-jpa-2.7.6.jar;C:\Users\Alexander\.gradle\caches\modules-2\files-2.1\org.springframework.boot\spring-boot-starter-aop\2.7.7\68062ada4148e4914a3b96046030fbcd5e0a62fa\spring-boot-starter-aop-2.7.7.jar;C:\Users\Alexander\.gradle\caches\modules-2\files-2.1\org.springframework.boot\spring-boot-starter-jdbc\2.7.7\404134263ab70e1f41ecc2d0bbf6446f9afc3e02\spring-boot-starter-jdbc-2.7.7.jar;C:\Users\Alexander\.gradle\caches\modules-2\files-2.1\org.springframework.boot\spring-boot-starter\2.7.7\dd06582c2b6b911bdf1be4f3a40e7b63a5ae75d7\spring-boot-starter-2.7.7.jar;C:\Users\Alexander\.gradle\caches\modules-2\files-2.1\org.springframework.boot\spring-boot-autoconfigure\2.7.7\8da88afca89ce4b1ab5762e6ca35e1bad196ad47\spring-boot-autoconfigure-2.7.7.jar;C:\Users\Alexander\.gradle\caches\modules-2\files-2.1\org.springframework.boot\spring-boot\2.7.7\1fa59eb2fce0363bdf152d7660b784257bfac99b\spring-boot-2.7.7.jar;C:\Users\Alexander\.gradle\caches\modules-2\files-2.1\org.springframework\spring-context\5.3.24\e48634d7b8f40d4d0fe978830be0247bfc2ff2cd\spring-context-5.3.24.jar;C:\Users\Alexander\.gradl
Launcher Type: SUN_STANDARD

[Global flags]
     intx CICompilerCount                          = 3                                         {product} {ergonomic}
     uint ConcGCThreads                            = 1                                         {product} {ergonomic}
     uint G1ConcRefinementThreads                  = 4                                         {product} {ergonomic}
   size_t G1HeapRegionSize                         = 2097152                                   {product} {ergonomic}
    uintx GCDrainStackTargetSize                   = 64                                        {product} {ergonomic}
   size_t InitialHeapSize                          = 266338304                                 {product} {ergonomic}
   size_t MarkStackSize                            = 4194304                                   {product} {ergonomic}
   size_t MaxHeapSize                              = 4250927104                                {product} {ergonomic}
   size_t MinHeapDeltaBytes                        = 2097152                                   {product} {ergonomic}
   size_t MinHeapSize                              = 8388608                                   {product} {ergonomic}
    uintx NonNMethodCodeHeapSize                   = 5832780                                {pd product} {ergonomic}
    uintx NonProfiledCodeHeapSize                  = 122912730                              {pd product} {ergonomic}
    uintx ProfiledCodeHeapSize                     = 122912730                              {pd product} {ergonomic}
    uintx ReservedCodeCacheSize                    = 251658240                              {pd product} {ergonomic}
     bool SegmentedCodeCache                       = true                                      {product} {ergonomic}
   size_t SoftMaxHeapSize                          = 4250927104                             {manageable} {ergonomic}
     bool UseCompressedClassPointers               = true                           {product lp64_product} {ergonomic}
     bool UseCompressedOops                        = true                           {product lp64_product} {ergonomic}
     bool UseG1GC                                  = true                                      {product} {ergonomic}
     bool UseLargePagesIndividualAllocation        = false                                  {pd product} {ergonomic}

Logging:
Log output configuration:
 #0: stdout all=warning uptime,level,tags
 #1: stderr all=off uptime,level,tags

Environment Variables:
JAVA_HOME=C:\Program Files\Java\jdk-17
CLASSPATH=C:\Gradle\gradle-8.3\lib\gradle-launcher-8.3.jar
PATH=C:\Program Files\PowerShell\7;C:\Program Files\Common Files\Oracle\Java\javapath;C:\Windows\system32;C:\Windows;C:\Windows\System32\Wbem;C:\Windows\System32\WindowsPowerShell\v1.0\;C:\Windows\System32\OpenSSH\;C:\Program Files (x86)\NVIDIA Corporation\PhysX\Common;C:\maven\bin;C:\WINDOWS\system32;C:\WINDOWS;C:\WINDOWS\System32\Wbem;C:\WINDOWS\System32\WindowsPowerShell\v1.0\;C:\WINDOWS\System32\OpenSSH\;C:\go\bin;C:\Program Files (x86)\dotnet\;C:\Program Files\dotnet\;C:\Program Files\Calibre2\;C:\Program Files\PostgreSQL\14\bin;C:\Program Files\Microsoft VS Code\bin;C:\Program Files\nodejs\;C:\Program Files\Git\cmd;C:\Maven\apache-maven-3.9.2\bin;C:\Program Files\Vim\vim90;C:\Program Files (x86)\H2\bin;C:\Gradle\gradle-8.3\bin;C:\Program Files\Java\jdk-17\bin;C:\Program Files\PowerShell\7\;C:\Program Files\MySQL\MySQL Shell 8.0\bin\;C:\python 3.8.3\Scripts\;C:\python 3.8.3\;C:\Users\Alexander\AppData\Local\Microsoft\WindowsApps;C:\Program Files\JetBrains\GoLand 2020.1.3\bin;;C:\Users\Alexander\go\bin;C:\Users\Alexander\AppData\Roaming\npm;C:\Program Files\MySQL\MySQL Server 8.0\bin\;C:\Program Files\Neovim\bin
USERNAME=Alexander
LANG=en_US.UTF-8
OS=Windows_NT
PROCESSOR_IDENTIFIER=Intel64 Family 6 Model 94 Stepping 3, GenuineIntel



---------------  S Y S T E M  ---------------

OS:
 Windows 10 , 64 bit Build 19041 (10.0.19041.3393)
OS uptime: 24 days 6:01 hours

CPU: total 4 (initial active 4) (4 cores per cpu, 1 threads per core) family 6 model 94 stepping 3 microcode 0xcc, cx8, cmov, fxsr, mmx, 3dnowpref, sse, sse2, sse3, ssse3, sse4.1, sse4.2, popcnt, lzcnt, tsc, tscinvbit, avx, avx2, aes, erms, clmul, bmi1, bmi2, rtm, adx, fma, vzeroupper, clflush, clflushopt

Memory: 4k page, system-wide physical 16212M (538M free)
TotalPageFile size 24404M (AvailPageFile size 256M)
current process WorkingSet (physical memory assigned to process): 10M, peak: 10M
current process commit charge ("private bytes"): 52M, peak: 305M

vm_info: Java HotSpot(TM) 64-Bit Server VM (17.0.6+9-LTS-190) for windows-amd64 JRE (17.0.6+9-LTS-190), built on Dec  6 2022 15:53:54 by "mach5one" with MS VC++ 17.1 (VS2022)

END.
